{"contracts/CeloFuturesNFT.sol":{"l":{"38":0,"58":0,"60":0,"62":0,"64":0,"66":0,"69":0,"71":0,"72":0,"77":0,"85":0,"87":0,"90":0,"92":0,"100":0,"101":0,"116":0,"118":0,"121":0,"123":0,"125":0,"127":0,"129":0},"path":"/Users/hughlaw/Documents/GitHub/NFT_OTC_Core/contracts/CeloFuturesNFT.sol","s":{"1":0,"2":0,"3":0,"4":0,"5":0,"6":0,"7":0,"8":0,"9":0,"10":0,"11":0,"12":0,"13":0,"14":0,"15":0,"16":0,"17":0,"18":0,"19":0,"20":0,"21":0,"22":0},"b":{"1":[0,0],"2":[0,0],"3":[0,0],"4":[0,0]},"f":{"1":0,"2":0,"3":0,"4":0,"5":0,"6":0},"fnMap":{"1":{"name":"constructor","line":37,"loc":{"start":{"line":37,"column":2},"end":{"line":39,"column":2}}},"2":{"name":"createNFT","line":56,"loc":{"start":{"line":51,"column":2},"end":{"line":73,"column":2}}},"3":{"name":"_baseURI","line":76,"loc":{"start":{"line":76,"column":2},"end":{"line":78,"column":2}}},"4":{"name":"updateBaseURI","line":83,"loc":{"start":{"line":83,"column":2},"end":{"line":93,"column":2}}},"5":{"name":"redeemNFT","line":98,"loc":{"start":{"line":98,"column":2},"end":{"line":102,"column":2}}},"6":{"name":"_redeemNFT","line":114,"loc":{"start":{"line":114,"column":2},"end":{"line":130,"column":2}}}},"statementMap":{"1":{"start":{"line":38,"column":4},"end":{"line":38,"column":16}},"2":{"start":{"line":58,"column":4},"end":{"line":58,"column":24}},"3":{"start":{"line":60,"column":4},"end":{"line":60,"column":43}},"4":{"start":{"line":62,"column":4},"end":{"line":62,"column":89}},"5":{"start":{"line":64,"column":4},"end":{"line":64,"column":60}},"6":{"start":{"line":66,"column":4},"end":{"line":66,"column":76}},"7":{"start":{"line":69,"column":4},"end":{"line":69,"column":32}},"8":{"start":{"line":71,"column":4},"end":{"line":71,"column":69}},"9":{"start":{"line":72,"column":4},"end":{"line":72,"column":20}},"10":{"start":{"line":77,"column":4},"end":{"line":77,"column":18}},"11":{"start":{"line":85,"column":4},"end":{"line":85,"column":32}},"12":{"start":{"line":87,"column":4},"end":{"line":87,"column":17}},"13":{"start":{"line":90,"column":4},"end":{"line":90,"column":13}},"14":{"start":{"line":92,"column":4},"end":{"line":92,"column":21}},"15":{"start":{"line":100,"column":4},"end":{"line":100,"column":30}},"16":{"start":{"line":101,"column":4},"end":{"line":101,"column":15}},"17":{"start":{"line":116,"column":4},"end":{"line":116,"column":44}},"18":{"start":{"line":118,"column":4},"end":{"line":118,"column":40}},"19":{"start":{"line":121,"column":4},"end":{"line":121,"column":77}},"20":{"start":{"line":123,"column":4},"end":{"line":123,"column":82}},"21":{"start":{"line":125,"column":4},"end":{"line":125,"column":13}},"22":{"start":{"line":129,"column":4},"end":{"line":129,"column":70}}},"branchMap":{"1":{"line":62,"type":"if","locations":[{"start":{"line":62,"column":4},"end":{"line":62,"column":4}},{"start":{"line":62,"column":4},"end":{"line":62,"column":4}}]},"2":{"line":85,"type":"if","locations":[{"start":{"line":85,"column":4},"end":{"line":85,"column":4}},{"start":{"line":85,"column":4},"end":{"line":85,"column":4}}]},"3":{"line":116,"type":"if","locations":[{"start":{"line":116,"column":4},"end":{"line":116,"column":4}},{"start":{"line":116,"column":4},"end":{"line":116,"column":4}}]},"4":{"line":121,"type":"if","locations":[{"start":{"line":121,"column":4},"end":{"line":121,"column":4}},{"start":{"line":121,"column":4},"end":{"line":121,"column":4}}]}}},"contracts/CeloHedgeyOTC.sol":{"l":{"26":0,"93":0,"95":0,"98":0,"100":0,"102":0,"104":0,"117":0,"119":0,"121":0,"123":0,"125":0,"127":0,"144":0,"146":0,"148":0,"150":0,"153":0,"159":0,"160":0,"162":0,"164":0,"166":0,"167":0,"170":0,"172":0,"175":0,"178":0,"179":0,"182":0},"path":"/Users/hughlaw/Documents/GitHub/NFT_OTC_Core/contracts/CeloHedgeyOTC.sol","s":{"1":0,"2":0,"3":0,"4":0,"5":0,"6":0,"7":0,"8":0,"9":0,"10":0,"11":0,"12":0,"13":0,"14":0,"15":0,"16":0,"17":0,"18":0,"19":0,"20":0,"21":0,"22":0,"23":0,"24":0,"25":0,"26":0,"27":0,"28":0},"b":{"1":[0,0],"2":[0,0],"3":[0,0],"4":[0,0],"5":[0,0],"6":[0,0],"7":[0,0],"8":[0,0],"9":[0,0],"10":[0,0],"11":[0,0]},"f":{"1":0,"2":0,"3":0,"4":0},"fnMap":{"1":{"name":"constructor","line":25,"loc":{"start":{"line":25,"column":2},"end":{"line":27,"column":2}}},"2":{"name":"create","line":91,"loc":{"start":{"line":82,"column":2},"end":{"line":105,"column":2}}},"3":{"name":"close","line":115,"loc":{"start":{"line":115,"column":2},"end":{"line":128,"column":2}}},"4":{"name":"buy","line":142,"loc":{"start":{"line":142,"column":2},"end":{"line":184,"column":2}}}},"statementMap":{"1":{"start":{"line":26,"column":4},"end":{"line":26,"column":23}},"2":{"start":{"line":93,"column":4},"end":{"line":93,"column":48}},"3":{"start":{"line":95,"column":4},"end":{"line":95,"column":36}},"4":{"start":{"line":98,"column":4},"end":{"line":98,"column":76}},"5":{"start":{"line":100,"column":4},"end":{"line":100,"column":113}},"6":{"start":{"line":102,"column":4},"end":{"line":102,"column":76}},"7":{"start":{"line":104,"column":4},"end":{"line":104,"column":116}},"8":{"start":{"line":117,"column":4},"end":{"line":117,"column":32}},"9":{"start":{"line":119,"column":4},"end":{"line":119,"column":46}},"10":{"start":{"line":121,"column":4},"end":{"line":121,"column":45}},"11":{"start":{"line":125,"column":4},"end":{"line":125,"column":78}},"12":{"start":{"line":127,"column":4},"end":{"line":127,"column":23}},"13":{"start":{"line":144,"column":4},"end":{"line":144,"column":32}},"14":{"start":{"line":146,"column":4},"end":{"line":146,"column":46}},"15":{"start":{"line":148,"column":4},"end":{"line":148,"column":53}},"16":{"start":{"line":150,"column":4},"end":{"line":150,"column":75}},"17":{"start":{"line":153,"column":4},"end":{"line":153,"column":11159}},"18":{"start":{"line":159,"column":4},"end":{"line":159,"column":54}},"19":{"start":{"line":160,"column":4},"end":{"line":160,"column":62}},"20":{"start":{"line":162,"column":4},"end":{"line":162,"column":89}},"21":{"start":{"line":164,"column":4},"end":{"line":164,"column":34}},"22":{"start":{"line":166,"column":4},"end":{"line":166,"column":56}},"23":{"start":{"line":167,"column":4},"end":{"line":167,"column":12190}},"24":{"start":{"line":170,"column":6},"end":{"line":170,"column":91}},"25":{"start":{"line":172,"column":6},"end":{"line":172,"column":74}},"26":{"start":{"line":175,"column":6},"end":{"line":175,"column":67}},"27":{"start":{"line":178,"column":4},"end":{"line":178,"column":13071}},"28":{"start":{"line":182,"column":6},"end":{"line":182,"column":53}}},"branchMap":{"1":{"line":93,"type":"if","locations":[{"start":{"line":93,"column":4},"end":{"line":93,"column":4}},{"start":{"line":93,"column":4},"end":{"line":93,"column":4}}]},"2":{"line":95,"type":"if","locations":[{"start":{"line":95,"column":4},"end":{"line":95,"column":4}},{"start":{"line":95,"column":4},"end":{"line":95,"column":4}}]},"3":{"line":98,"type":"if","locations":[{"start":{"line":98,"column":4},"end":{"line":98,"column":4}},{"start":{"line":98,"column":4},"end":{"line":98,"column":4}}]},"4":{"line":119,"type":"if","locations":[{"start":{"line":119,"column":4},"end":{"line":119,"column":4}},{"start":{"line":119,"column":4},"end":{"line":119,"column":4}}]},"5":{"line":121,"type":"if","locations":[{"start":{"line":121,"column":4},"end":{"line":121,"column":4}},{"start":{"line":121,"column":4},"end":{"line":121,"column":4}}]},"6":{"line":146,"type":"if","locations":[{"start":{"line":146,"column":4},"end":{"line":146,"column":4}},{"start":{"line":146,"column":4},"end":{"line":146,"column":4}}]},"7":{"line":148,"type":"if","locations":[{"start":{"line":148,"column":4},"end":{"line":148,"column":4}},{"start":{"line":148,"column":4},"end":{"line":148,"column":4}}]},"8":{"line":150,"type":"if","locations":[{"start":{"line":150,"column":4},"end":{"line":150,"column":4}},{"start":{"line":150,"column":4},"end":{"line":150,"column":4}}]},"9":{"line":153,"type":"if","locations":[{"start":{"line":153,"column":4},"end":{"line":153,"column":4}},{"start":{"line":153,"column":4},"end":{"line":153,"column":4}}]},"10":{"line":167,"type":"if","locations":[{"start":{"line":167,"column":4},"end":{"line":167,"column":4}},{"start":{"line":167,"column":4},"end":{"line":167,"column":4}}]},"11":{"line":178,"type":"if","locations":[{"start":{"line":178,"column":4},"end":{"line":178,"column":4}},{"start":{"line":178,"column":4},"end":{"line":178,"column":4}}]}}},"contracts/FuturesNFT.sol":{"l":{"40":294,"41":294,"64":21,"66":21,"68":21,"70":21,"72":21,"75":21,"77":21,"78":21,"83":0,"91":0,"93":0,"96":0,"98":0,"106":0,"107":0,"122":0,"124":0,"127":0,"129":0,"131":0,"133":0,"135":0},"path":"/Users/hughlaw/Documents/GitHub/NFT_OTC_Core/contracts/FuturesNFT.sol","s":{"1":294,"2":294,"3":21,"4":21,"5":21,"6":21,"7":21,"8":21,"9":21,"10":21,"11":0,"12":0,"13":0,"14":0,"15":0,"16":0,"17":0,"18":0,"19":0,"20":0,"21":0,"22":0,"23":0},"b":{"1":[21,0],"2":[0,0],"3":[0,0],"4":[0,0]},"f":{"1":294,"2":21,"3":0,"4":0,"5":0,"6":0},"fnMap":{"1":{"name":"constructor","line":39,"loc":{"start":{"line":39,"column":2},"end":{"line":42,"column":2}}},"2":{"name":"createNFT","line":62,"loc":{"start":{"line":57,"column":2},"end":{"line":79,"column":2}}},"3":{"name":"_baseURI","line":82,"loc":{"start":{"line":82,"column":2},"end":{"line":84,"column":2}}},"4":{"name":"updateBaseURI","line":89,"loc":{"start":{"line":89,"column":2},"end":{"line":99,"column":2}}},"5":{"name":"redeemNFT","line":104,"loc":{"start":{"line":104,"column":2},"end":{"line":108,"column":2}}},"6":{"name":"_redeemNFT","line":120,"loc":{"start":{"line":120,"column":2},"end":{"line":136,"column":2}}}},"statementMap":{"1":{"start":{"line":40,"column":4},"end":{"line":40,"column":15}},"2":{"start":{"line":41,"column":4},"end":{"line":41,"column":16}},"3":{"start":{"line":64,"column":4},"end":{"line":64,"column":24}},"4":{"start":{"line":66,"column":4},"end":{"line":66,"column":43}},"5":{"start":{"line":68,"column":4},"end":{"line":68,"column":89}},"6":{"start":{"line":70,"column":4},"end":{"line":70,"column":60}},"7":{"start":{"line":72,"column":4},"end":{"line":72,"column":76}},"8":{"start":{"line":75,"column":4},"end":{"line":75,"column":32}},"9":{"start":{"line":77,"column":4},"end":{"line":77,"column":69}},"10":{"start":{"line":78,"column":4},"end":{"line":78,"column":20}},"11":{"start":{"line":83,"column":4},"end":{"line":83,"column":18}},"12":{"start":{"line":91,"column":4},"end":{"line":91,"column":32}},"13":{"start":{"line":93,"column":4},"end":{"line":93,"column":17}},"14":{"start":{"line":96,"column":4},"end":{"line":96,"column":13}},"15":{"start":{"line":98,"column":4},"end":{"line":98,"column":21}},"16":{"start":{"line":106,"column":4},"end":{"line":106,"column":39}},"17":{"start":{"line":107,"column":4},"end":{"line":107,"column":15}},"18":{"start":{"line":122,"column":4},"end":{"line":122,"column":44}},"19":{"start":{"line":124,"column":4},"end":{"line":124,"column":39}},"20":{"start":{"line":127,"column":4},"end":{"line":127,"column":77}},"21":{"start":{"line":129,"column":4},"end":{"line":129,"column":82}},"22":{"start":{"line":131,"column":4},"end":{"line":131,"column":13}},"23":{"start":{"line":135,"column":4},"end":{"line":135,"column":77}}},"branchMap":{"1":{"line":68,"type":"if","locations":[{"start":{"line":68,"column":4},"end":{"line":68,"column":4}},{"start":{"line":68,"column":4},"end":{"line":68,"column":4}}]},"2":{"line":91,"type":"if","locations":[{"start":{"line":91,"column":4},"end":{"line":91,"column":4}},{"start":{"line":91,"column":4},"end":{"line":91,"column":4}}]},"3":{"line":122,"type":"if","locations":[{"start":{"line":122,"column":4},"end":{"line":122,"column":4}},{"start":{"line":122,"column":4},"end":{"line":122,"column":4}}]},"4":{"line":127,"type":"if","locations":[{"start":{"line":127,"column":4},"end":{"line":127,"column":4}},{"start":{"line":127,"column":4},"end":{"line":127,"column":4}}]}}},"contracts/HedgeyOTC.sol":{"l":{"29":294,"30":294,"99":97,"101":96,"104":95,"106":91,"108":91,"110":87,"123":3,"125":3,"127":1,"129":1,"131":1,"133":1,"150":45,"152":45,"154":44,"156":44,"159":43,"165":42,"166":42,"168":42,"170":41,"172":41,"173":41,"176":21,"178":21,"181":20,"184":41,"185":41,"188":0},"path":"/Users/hughlaw/Documents/GitHub/NFT_OTC_Core/contracts/HedgeyOTC.sol","s":{"1":294,"2":294,"3":97,"4":96,"5":95,"6":91,"7":91,"8":87,"9":3,"10":3,"11":1,"12":1,"13":1,"14":45,"15":45,"16":44,"17":44,"18":43,"19":42,"20":42,"21":42,"22":41,"23":41,"24":41,"25":21,"26":21,"27":20,"28":41,"29":0},"b":{"1":[96,1],"2":[95,1],"3":[91,4],"4":[1,2],"5":[1,0],"6":[44,1],"7":[44,0],"8":[43,1],"9":[42,1],"10":[21,20],"11":[41,0]},"f":{"1":294,"2":97,"3":3,"4":45},"fnMap":{"1":{"name":"constructor","line":28,"loc":{"start":{"line":28,"column":2},"end":{"line":31,"column":2}}},"2":{"name":"create","line":97,"loc":{"start":{"line":88,"column":2},"end":{"line":111,"column":2}}},"3":{"name":"close","line":121,"loc":{"start":{"line":121,"column":2},"end":{"line":134,"column":2}}},"4":{"name":"buy","line":148,"loc":{"start":{"line":148,"column":2},"end":{"line":190,"column":2}}}},"statementMap":{"1":{"start":{"line":29,"column":4},"end":{"line":29,"column":15}},"2":{"start":{"line":30,"column":4},"end":{"line":30,"column":23}},"3":{"start":{"line":99,"column":4},"end":{"line":99,"column":48}},"4":{"start":{"line":101,"column":4},"end":{"line":101,"column":36}},"5":{"start":{"line":104,"column":4},"end":{"line":104,"column":76}},"6":{"start":{"line":106,"column":4},"end":{"line":106,"column":113}},"7":{"start":{"line":108,"column":4},"end":{"line":108,"column":101}},"8":{"start":{"line":110,"column":4},"end":{"line":110,"column":116}},"9":{"start":{"line":123,"column":4},"end":{"line":123,"column":32}},"10":{"start":{"line":125,"column":4},"end":{"line":125,"column":46}},"11":{"start":{"line":127,"column":4},"end":{"line":127,"column":45}},"12":{"start":{"line":131,"column":4},"end":{"line":131,"column":94}},"13":{"start":{"line":133,"column":4},"end":{"line":133,"column":23}},"14":{"start":{"line":150,"column":4},"end":{"line":150,"column":32}},"15":{"start":{"line":152,"column":4},"end":{"line":152,"column":46}},"16":{"start":{"line":154,"column":4},"end":{"line":154,"column":53}},"17":{"start":{"line":156,"column":4},"end":{"line":156,"column":75}},"18":{"start":{"line":159,"column":4},"end":{"line":159,"column":11674}},"19":{"start":{"line":165,"column":4},"end":{"line":165,"column":54}},"20":{"start":{"line":166,"column":4},"end":{"line":166,"column":62}},"21":{"start":{"line":168,"column":4},"end":{"line":168,"column":105}},"22":{"start":{"line":170,"column":4},"end":{"line":170,"column":34}},"23":{"start":{"line":172,"column":4},"end":{"line":172,"column":56}},"24":{"start":{"line":173,"column":4},"end":{"line":173,"column":12779}},"25":{"start":{"line":176,"column":6},"end":{"line":176,"column":91}},"26":{"start":{"line":178,"column":6},"end":{"line":178,"column":74}},"27":{"start":{"line":181,"column":6},"end":{"line":181,"column":83}},"28":{"start":{"line":184,"column":4},"end":{"line":184,"column":13676}},"29":{"start":{"line":188,"column":6},"end":{"line":188,"column":53}}},"branchMap":{"1":{"line":99,"type":"if","locations":[{"start":{"line":99,"column":4},"end":{"line":99,"column":4}},{"start":{"line":99,"column":4},"end":{"line":99,"column":4}}]},"2":{"line":101,"type":"if","locations":[{"start":{"line":101,"column":4},"end":{"line":101,"column":4}},{"start":{"line":101,"column":4},"end":{"line":101,"column":4}}]},"3":{"line":104,"type":"if","locations":[{"start":{"line":104,"column":4},"end":{"line":104,"column":4}},{"start":{"line":104,"column":4},"end":{"line":104,"column":4}}]},"4":{"line":125,"type":"if","locations":[{"start":{"line":125,"column":4},"end":{"line":125,"column":4}},{"start":{"line":125,"column":4},"end":{"line":125,"column":4}}]},"5":{"line":127,"type":"if","locations":[{"start":{"line":127,"column":4},"end":{"line":127,"column":4}},{"start":{"line":127,"column":4},"end":{"line":127,"column":4}}]},"6":{"line":152,"type":"if","locations":[{"start":{"line":152,"column":4},"end":{"line":152,"column":4}},{"start":{"line":152,"column":4},"end":{"line":152,"column":4}}]},"7":{"line":154,"type":"if","locations":[{"start":{"line":154,"column":4},"end":{"line":154,"column":4}},{"start":{"line":154,"column":4},"end":{"line":154,"column":4}}]},"8":{"line":156,"type":"if","locations":[{"start":{"line":156,"column":4},"end":{"line":156,"column":4}},{"start":{"line":156,"column":4},"end":{"line":156,"column":4}}]},"9":{"line":159,"type":"if","locations":[{"start":{"line":159,"column":4},"end":{"line":159,"column":4}},{"start":{"line":159,"column":4},"end":{"line":159,"column":4}}]},"10":{"line":173,"type":"if","locations":[{"start":{"line":173,"column":4},"end":{"line":173,"column":4}},{"start":{"line":173,"column":4},"end":{"line":173,"column":4}}]},"11":{"line":184,"type":"if","locations":[{"start":{"line":184,"column":4},"end":{"line":184,"column":4}},{"start":{"line":184,"column":4},"end":{"line":184,"column":4}}]}}},"contracts/interfaces/Decimals.sol":{"l":{},"path":"/Users/hughlaw/Documents/GitHub/NFT_OTC_Core/contracts/interfaces/Decimals.sol","s":{},"b":{},"f":{},"fnMap":{},"statementMap":{},"branchMap":{}},"contracts/interfaces/INFT.sol":{"l":{},"path":"/Users/hughlaw/Documents/GitHub/NFT_OTC_Core/contracts/interfaces/INFT.sol","s":{},"b":{},"f":{},"fnMap":{},"statementMap":{},"branchMap":{}},"contracts/interfaces/IOTC.sol":{"l":{},"path":"/Users/hughlaw/Documents/GitHub/NFT_OTC_Core/contracts/interfaces/IOTC.sol","s":{},"b":{},"f":{},"fnMap":{},"statementMap":{},"branchMap":{}},"contracts/interfaces/IWETH.sol":{"l":{},"path":"/Users/hughlaw/Documents/GitHub/NFT_OTC_Core/contracts/interfaces/IWETH.sol","s":{},"b":{},"f":{},"fnMap":{},"statementMap":{},"branchMap":{}},"contracts/libraries/NFTHelper.sol":{"l":{"24":21,"27":21,"30":21,"32":21,"35":21,"36":21},"path":"/Users/hughlaw/Documents/GitHub/NFT_OTC_Core/contracts/libraries/NFTHelper.sol","s":{"1":21,"2":21,"3":21,"4":21,"5":21,"6":21},"b":{"1":[21,0]},"f":{"1":21},"fnMap":{"1":{"name":"lockTokens","line":16,"loc":{"start":{"line":16,"column":2},"end":{"line":37,"column":2}}}},"statementMap":{"1":{"start":{"line":24,"column":4},"end":{"line":24,"column":50}},"2":{"start":{"line":27,"column":4},"end":{"line":27,"column":69}},"3":{"start":{"line":30,"column":4},"end":{"line":30,"column":75}},"4":{"start":{"line":32,"column":4},"end":{"line":32,"column":72}},"5":{"start":{"line":35,"column":4},"end":{"line":35,"column":66}},"6":{"start":{"line":36,"column":4},"end":{"line":36,"column":50}}},"branchMap":{"1":{"line":24,"type":"if","locations":[{"start":{"line":24,"column":4},"end":{"line":24,"column":4}},{"start":{"line":24,"column":4},"end":{"line":24,"column":4}}]}}},"contracts/libraries/TransferHelper.sol":{"l":{"24":104,"25":104,"26":102,"27":102,"28":102,"41":13,"42":13,"43":13,"44":13,"57":133,"58":50,"59":48,"60":16,"61":16,"64":32,"65":32,"68":83,"81":21,"82":8,"83":8,"84":8,"86":13},"path":"/Users/hughlaw/Documents/GitHub/NFT_OTC_Core/contracts/libraries/TransferHelper.sol","s":{"1":104,"2":104,"3":102,"4":102,"5":102,"6":13,"7":13,"8":13,"9":13,"10":133,"11":50,"12":48,"13":16,"14":16,"15":32,"16":32,"17":83,"18":21,"19":8,"20":8,"21":8,"22":13},"b":{"1":[102,2],"2":[101,1],"3":[13,0],"4":[50,83],"5":[48,2],"6":[16,32],"7":[16,0],"8":[8,13],"9":[8,0]},"f":{"1":104,"2":13,"3":133,"4":21},"fnMap":{"1":{"name":"transferTokens","line":18,"loc":{"start":{"line":18,"column":2},"end":{"line":29,"column":2}}},"2":{"name":"withdrawTokens","line":36,"loc":{"start":{"line":36,"column":2},"end":{"line":45,"column":2}}},"3":{"name":"transferPayment","line":50,"loc":{"start":{"line":50,"column":2},"end":{"line":70,"column":2}}},"4":{"name":"withdrawPayment","line":75,"loc":{"start":{"line":75,"column":2},"end":{"line":88,"column":2}}}},"statementMap":{"1":{"start":{"line":24,"column":4},"end":{"line":24,"column":63}},"2":{"start":{"line":25,"column":4},"end":{"line":25,"column":66}},"3":{"start":{"line":26,"column":4},"end":{"line":26,"column":62}},"4":{"start":{"line":27,"column":4},"end":{"line":27,"column":62}},"5":{"start":{"line":28,"column":4},"end":{"line":28,"column":57}},"6":{"start":{"line":41,"column":4},"end":{"line":41,"column":63}},"7":{"start":{"line":42,"column":4},"end":{"line":42,"column":52}},"8":{"start":{"line":43,"column":4},"end":{"line":43,"column":62}},"9":{"start":{"line":44,"column":4},"end":{"line":44,"column":57}},"10":{"start":{"line":57,"column":4},"end":{"line":57,"column":2439}},"11":{"start":{"line":58,"column":6},"end":{"line":58,"column":42}},"12":{"start":{"line":59,"column":6},"end":{"line":59,"column":2513}},"13":{"start":{"line":60,"column":8},"end":{"line":60,"column":53}},"14":{"start":{"line":61,"column":8},"end":{"line":61,"column":32}},"15":{"start":{"line":64,"column":8},"end":{"line":64,"column":43}},"16":{"start":{"line":65,"column":8},"end":{"line":65,"column":47}},"17":{"start":{"line":68,"column":6},"end":{"line":68,"column":44}},"18":{"start":{"line":81,"column":4},"end":{"line":81,"column":3292}},"19":{"start":{"line":82,"column":6},"end":{"line":82,"column":33}},"20":{"start":{"line":83,"column":6},"end":{"line":83,"column":51}},"21":{"start":{"line":84,"column":6},"end":{"line":84,"column":30}},"22":{"start":{"line":86,"column":6},"end":{"line":86,"column":38}}},"branchMap":{"1":{"line":25,"type":"if","locations":[{"start":{"line":25,"column":4},"end":{"line":25,"column":4}},{"start":{"line":25,"column":4},"end":{"line":25,"column":4}}]},"2":{"line":28,"type":"if","locations":[{"start":{"line":28,"column":4},"end":{"line":28,"column":4}},{"start":{"line":28,"column":4},"end":{"line":28,"column":4}}]},"3":{"line":44,"type":"if","locations":[{"start":{"line":44,"column":4},"end":{"line":44,"column":4}},{"start":{"line":44,"column":4},"end":{"line":44,"column":4}}]},"4":{"line":57,"type":"if","locations":[{"start":{"line":57,"column":4},"end":{"line":57,"column":4}},{"start":{"line":57,"column":4},"end":{"line":57,"column":4}}]},"5":{"line":58,"type":"if","locations":[{"start":{"line":58,"column":6},"end":{"line":58,"column":6}},{"start":{"line":58,"column":6},"end":{"line":58,"column":6}}]},"6":{"line":59,"type":"if","locations":[{"start":{"line":59,"column":6},"end":{"line":59,"column":6}},{"start":{"line":59,"column":6},"end":{"line":59,"column":6}}]},"7":{"line":61,"type":"if","locations":[{"start":{"line":61,"column":8},"end":{"line":61,"column":8}},{"start":{"line":61,"column":8},"end":{"line":61,"column":8}}]},"8":{"line":81,"type":"if","locations":[{"start":{"line":81,"column":4},"end":{"line":81,"column":4}},{"start":{"line":81,"column":4},"end":{"line":81,"column":4}}]},"9":{"line":84,"type":"if","locations":[{"start":{"line":84,"column":6},"end":{"line":84,"column":6}},{"start":{"line":84,"column":6},"end":{"line":84,"column":6}}]}}},"contracts/test/BurnToken.sol":{"l":{"32":150,"33":150,"40":0,"48":0,"65":1,"72":0,"79":3,"91":0,"92":0,"93":0,"100":1,"114":50,"115":50,"116":50,"140":1,"141":1,"142":1,"143":1,"159":0,"160":0,"161":0,"179":0,"180":0,"181":0,"182":0,"186":0,"208":1,"209":1,"211":1,"213":1,"214":1,"215":1,"216":1,"217":1,"220":1,"221":1,"223":1,"225":1,"238":50,"240":50,"242":50,"243":50,"244":50,"246":50,"252":50,"267":1,"269":1,"271":1,"272":1,"273":1,"276":1,"278":1,"280":1,"301":51,"302":51,"304":51,"305":51,"321":1,"322":1,"323":1,"324":1},"path":"/Users/hughlaw/Documents/GitHub/NFT_OTC_Core/contracts/test/BurnToken.sol","s":{"1":150,"2":150,"3":0,"4":0,"5":1,"6":0,"7":3,"8":0,"9":0,"10":0,"11":1,"12":50,"13":50,"14":50,"15":1,"16":1,"17":1,"18":1,"19":0,"20":0,"21":0,"22":0,"23":0,"24":0,"25":0,"26":1,"27":1,"28":1,"29":1,"30":1,"31":1,"32":1,"33":1,"34":1,"35":1,"36":1,"37":50,"38":50,"39":50,"40":50,"41":50,"42":50,"43":50,"44":1,"45":1,"46":1,"47":1,"48":1,"49":1,"50":1,"51":51,"52":51,"53":51,"54":51,"55":1,"56":1,"57":1},"b":{"1":[0,0],"2":[1,0],"3":[1,0],"4":[1,0],"5":[50,0],"6":[1,0],"7":[1,0],"8":[51,0],"9":[51,0],"10":[1,0],"11":[1,0]},"f":{"1":150,"2":0,"3":0,"4":1,"5":0,"6":3,"7":0,"8":1,"9":50,"10":1,"11":0,"12":0,"13":1,"14":50,"15":50,"16":1,"17":51,"18":1,"19":52,"20":52},"fnMap":{"1":{"name":"constructor","line":31,"loc":{"start":{"line":31,"column":4},"end":{"line":34,"column":4}}},"2":{"name":"name","line":39,"loc":{"start":{"line":39,"column":4},"end":{"line":41,"column":4}}},"3":{"name":"symbol","line":47,"loc":{"start":{"line":47,"column":4},"end":{"line":49,"column":4}}},"4":{"name":"decimals","line":64,"loc":{"start":{"line":64,"column":4},"end":{"line":66,"column":4}}},"5":{"name":"totalSupply","line":71,"loc":{"start":{"line":71,"column":4},"end":{"line":73,"column":4}}},"6":{"name":"balanceOf","line":78,"loc":{"start":{"line":78,"column":4},"end":{"line":80,"column":4}}},"7":{"name":"transfer","line":90,"loc":{"start":{"line":90,"column":4},"end":{"line":94,"column":4}}},"8":{"name":"allowance","line":99,"loc":{"start":{"line":99,"column":4},"end":{"line":101,"column":4}}},"9":{"name":"approve","line":113,"loc":{"start":{"line":113,"column":4},"end":{"line":117,"column":4}}},"10":{"name":"transferFrom","line":135,"loc":{"start":{"line":135,"column":4},"end":{"line":144,"column":4}}},"11":{"name":"increaseAllowance","line":158,"loc":{"start":{"line":158,"column":4},"end":{"line":162,"column":4}}},"12":{"name":"decreaseAllowance","line":178,"loc":{"start":{"line":178,"column":4},"end":{"line":187,"column":4}}},"13":{"name":"_transfer","line":203,"loc":{"start":{"line":203,"column":4},"end":{"line":226,"column":4}}},"14":{"name":"_mint","line":237,"loc":{"start":{"line":237,"column":4},"end":{"line":247,"column":4}}},"15":{"name":"mint","line":251,"loc":{"start":{"line":251,"column":4},"end":{"line":253,"column":4}}},"16":{"name":"_burn","line":266,"loc":{"start":{"line":266,"column":4},"end":{"line":281,"column":4}}},"17":{"name":"_approve","line":296,"loc":{"start":{"line":296,"column":4},"end":{"line":306,"column":4}}},"18":{"name":"_spendAllowance","line":316,"loc":{"start":{"line":316,"column":4},"end":{"line":328,"column":4}}},"19":{"name":"_beforeTokenTransfer","line":344,"loc":{"start":{"line":344,"column":4},"end":{"line":348,"column":24}}},"20":{"name":"_afterTokenTransfer","line":364,"loc":{"start":{"line":364,"column":4},"end":{"line":368,"column":24}}}},"statementMap":{"1":{"start":{"line":32,"column":8},"end":{"line":32,"column":20}},"2":{"start":{"line":33,"column":8},"end":{"line":33,"column":24}},"3":{"start":{"line":40,"column":8},"end":{"line":40,"column":20}},"4":{"start":{"line":48,"column":8},"end":{"line":48,"column":22}},"5":{"start":{"line":65,"column":8},"end":{"line":65,"column":17}},"6":{"start":{"line":72,"column":8},"end":{"line":72,"column":27}},"7":{"start":{"line":79,"column":8},"end":{"line":79,"column":33}},"8":{"start":{"line":91,"column":8},"end":{"line":91,"column":36}},"9":{"start":{"line":92,"column":8},"end":{"line":92,"column":35}},"10":{"start":{"line":93,"column":8},"end":{"line":93,"column":19}},"11":{"start":{"line":100,"column":8},"end":{"line":100,"column":42}},"12":{"start":{"line":114,"column":8},"end":{"line":114,"column":36}},"13":{"start":{"line":115,"column":8},"end":{"line":115,"column":39}},"14":{"start":{"line":116,"column":8},"end":{"line":116,"column":19}},"15":{"start":{"line":140,"column":8},"end":{"line":140,"column":38}},"16":{"start":{"line":141,"column":8},"end":{"line":141,"column":45}},"17":{"start":{"line":142,"column":8},"end":{"line":142,"column":34}},"18":{"start":{"line":143,"column":8},"end":{"line":143,"column":19}},"19":{"start":{"line":159,"column":8},"end":{"line":159,"column":36}},"20":{"start":{"line":160,"column":8},"end":{"line":160,"column":73}},"21":{"start":{"line":161,"column":8},"end":{"line":161,"column":19}},"22":{"start":{"line":179,"column":8},"end":{"line":179,"column":36}},"23":{"start":{"line":180,"column":8},"end":{"line":180,"column":62}},"24":{"start":{"line":181,"column":8},"end":{"line":181,"column":92}},"25":{"start":{"line":186,"column":8},"end":{"line":186,"column":19}},"26":{"start":{"line":208,"column":8},"end":{"line":208,"column":75}},"27":{"start":{"line":209,"column":8},"end":{"line":209,"column":71}},"28":{"start":{"line":211,"column":8},"end":{"line":211,"column":45}},"29":{"start":{"line":213,"column":8},"end":{"line":213,"column":45}},"30":{"start":{"line":214,"column":8},"end":{"line":214,"column":79}},"31":{"start":{"line":215,"column":8},"end":{"line":215,"column":47}},"32":{"start":{"line":216,"column":8},"end":{"line":216,"column":49}},"33":{"start":{"line":220,"column":8},"end":{"line":220,"column":30}},"34":{"start":{"line":221,"column":8},"end":{"line":221,"column":38}},"35":{"start":{"line":223,"column":8},"end":{"line":223,"column":39}},"36":{"start":{"line":225,"column":8},"end":{"line":225,"column":44}},"37":{"start":{"line":238,"column":8},"end":{"line":238,"column":72}},"38":{"start":{"line":240,"column":8},"end":{"line":240,"column":56}},"39":{"start":{"line":242,"column":8},"end":{"line":242,"column":29}},"40":{"start":{"line":243,"column":8},"end":{"line":243,"column":35}},"41":{"start":{"line":244,"column":8},"end":{"line":244,"column":50}},"42":{"start":{"line":246,"column":8},"end":{"line":246,"column":55}},"43":{"start":{"line":252,"column":8},"end":{"line":252,"column":32}},"44":{"start":{"line":267,"column":8},"end":{"line":267,"column":74}},"45":{"start":{"line":269,"column":8},"end":{"line":269,"column":56}},"46":{"start":{"line":271,"column":8},"end":{"line":271,"column":51}},"47":{"start":{"line":272,"column":8},"end":{"line":272,"column":78}},"48":{"start":{"line":276,"column":8},"end":{"line":276,"column":29}},"49":{"start":{"line":278,"column":8},"end":{"line":278,"column":50}},"50":{"start":{"line":280,"column":8},"end":{"line":280,"column":55}},"51":{"start":{"line":301,"column":8},"end":{"line":301,"column":75}},"52":{"start":{"line":302,"column":8},"end":{"line":302,"column":75}},"53":{"start":{"line":304,"column":8},"end":{"line":304,"column":43}},"54":{"start":{"line":305,"column":8},"end":{"line":305,"column":45}},"55":{"start":{"line":321,"column":8},"end":{"line":321,"column":60}},"56":{"start":{"line":322,"column":8},"end":{"line":322,"column":10337}},"57":{"start":{"line":323,"column":12},"end":{"line":323,"column":79}}},"branchMap":{"1":{"line":181,"type":"if","locations":[{"start":{"line":181,"column":8},"end":{"line":181,"column":8}},{"start":{"line":181,"column":8},"end":{"line":181,"column":8}}]},"2":{"line":208,"type":"if","locations":[{"start":{"line":208,"column":8},"end":{"line":208,"column":8}},{"start":{"line":208,"column":8},"end":{"line":208,"column":8}}]},"3":{"line":209,"type":"if","locations":[{"start":{"line":209,"column":8},"end":{"line":209,"column":8}},{"start":{"line":209,"column":8},"end":{"line":209,"column":8}}]},"4":{"line":214,"type":"if","locations":[{"start":{"line":214,"column":8},"end":{"line":214,"column":8}},{"start":{"line":214,"column":8},"end":{"line":214,"column":8}}]},"5":{"line":238,"type":"if","locations":[{"start":{"line":238,"column":8},"end":{"line":238,"column":8}},{"start":{"line":238,"column":8},"end":{"line":238,"column":8}}]},"6":{"line":267,"type":"if","locations":[{"start":{"line":267,"column":8},"end":{"line":267,"column":8}},{"start":{"line":267,"column":8},"end":{"line":267,"column":8}}]},"7":{"line":272,"type":"if","locations":[{"start":{"line":272,"column":8},"end":{"line":272,"column":8}},{"start":{"line":272,"column":8},"end":{"line":272,"column":8}}]},"8":{"line":301,"type":"if","locations":[{"start":{"line":301,"column":8},"end":{"line":301,"column":8}},{"start":{"line":301,"column":8},"end":{"line":301,"column":8}}]},"9":{"line":302,"type":"if","locations":[{"start":{"line":302,"column":8},"end":{"line":302,"column":8}},{"start":{"line":302,"column":8},"end":{"line":302,"column":8}}]},"10":{"line":322,"type":"if","locations":[{"start":{"line":322,"column":8},"end":{"line":322,"column":8}},{"start":{"line":322,"column":8},"end":{"line":322,"column":8}}]},"11":{"line":323,"type":"if","locations":[{"start":{"line":323,"column":12},"end":{"line":323,"column":12}},{"start":{"line":323,"column":12},"end":{"line":323,"column":12}}]}}},"contracts/test/FakeToken.sol":{"l":{"31":150,"32":150,"39":0,"47":0,"71":0,"78":0,"90":0,"91":0,"92":0,"99":0,"113":50,"114":50,"115":50,"139":0,"140":0,"141":0,"142":0,"158":0,"159":0,"160":0,"178":0,"179":0,"180":0,"181":0,"185":0,"207":0,"208":0,"210":0,"212":0,"213":0,"214":0,"215":0,"216":0,"219":0,"220":0,"224":0,"237":0,"239":0,"241":0,"242":0,"245":0,"251":0,"266":0,"268":0,"270":0,"271":0,"272":0,"275":0,"279":0,"300":50,"301":50,"303":50,"320":0,"321":0,"322":0,"323":0},"path":"/Users/hughlaw/Documents/GitHub/NFT_OTC_Core/contracts/test/FakeToken.sol","s":{"1":150,"2":150,"3":0,"4":0,"5":0,"6":0,"7":0,"8":0,"9":0,"10":0,"11":50,"12":50,"13":50,"14":0,"15":0,"16":0,"17":0,"18":0,"19":0,"20":0,"21":0,"22":0,"23":0,"24":0,"25":0,"26":0,"27":0,"28":0,"29":0,"30":0,"31":0,"32":0,"33":0,"34":0,"35":0,"36":0,"37":0,"38":0,"39":0,"40":0,"41":0,"42":0,"43":0,"44":0,"45":0,"46":0,"47":50,"48":50,"49":50,"50":0,"51":0,"52":0},"b":{"1":[0,0],"2":[0,0],"3":[0,0],"4":[0,0],"5":[0,0],"6":[0,0],"7":[0,0],"8":[50,0],"9":[50,0],"10":[0,0],"11":[0,0]},"f":{"1":150,"2":0,"3":0,"4":0,"5":0,"6":0,"7":0,"8":50,"9":0,"10":0,"11":0,"12":0,"13":0,"14":0,"15":0,"16":50,"17":0,"18":0,"19":0},"fnMap":{"1":{"name":"constructor","line":30,"loc":{"start":{"line":30,"column":2},"end":{"line":33,"column":2}}},"2":{"name":"name","line":38,"loc":{"start":{"line":38,"column":2},"end":{"line":40,"column":2}}},"3":{"name":"symbol","line":46,"loc":{"start":{"line":46,"column":2},"end":{"line":48,"column":2}}},"4":{"name":"totalSupply","line":70,"loc":{"start":{"line":70,"column":2},"end":{"line":72,"column":2}}},"5":{"name":"balanceOf","line":77,"loc":{"start":{"line":77,"column":2},"end":{"line":79,"column":2}}},"6":{"name":"transfer","line":89,"loc":{"start":{"line":89,"column":2},"end":{"line":93,"column":2}}},"7":{"name":"allowance","line":98,"loc":{"start":{"line":98,"column":2},"end":{"line":100,"column":2}}},"8":{"name":"approve","line":112,"loc":{"start":{"line":112,"column":2},"end":{"line":116,"column":2}}},"9":{"name":"transferFrom","line":134,"loc":{"start":{"line":134,"column":2},"end":{"line":143,"column":2}}},"10":{"name":"increaseAllowance","line":157,"loc":{"start":{"line":157,"column":2},"end":{"line":161,"column":2}}},"11":{"name":"decreaseAllowance","line":177,"loc":{"start":{"line":177,"column":2},"end":{"line":186,"column":2}}},"12":{"name":"_transfer","line":202,"loc":{"start":{"line":202,"column":2},"end":{"line":225,"column":2}}},"13":{"name":"_mint","line":236,"loc":{"start":{"line":236,"column":2},"end":{"line":246,"column":2}}},"14":{"name":"mint","line":250,"loc":{"start":{"line":250,"column":2},"end":{"line":252,"column":2}}},"15":{"name":"_burn","line":265,"loc":{"start":{"line":265,"column":2},"end":{"line":280,"column":2}}},"16":{"name":"_approve","line":295,"loc":{"start":{"line":295,"column":2},"end":{"line":305,"column":2}}},"17":{"name":"_spendAllowance","line":315,"loc":{"start":{"line":315,"column":2},"end":{"line":327,"column":2}}},"18":{"name":"_beforeTokenTransfer","line":343,"loc":{"start":{"line":343,"column":2},"end":{"line":347,"column":22}}},"19":{"name":"_afterTokenTransfer","line":363,"loc":{"start":{"line":363,"column":2},"end":{"line":367,"column":22}}}},"statementMap":{"1":{"start":{"line":31,"column":4},"end":{"line":31,"column":16}},"2":{"start":{"line":32,"column":4},"end":{"line":32,"column":20}},"3":{"start":{"line":39,"column":4},"end":{"line":39,"column":16}},"4":{"start":{"line":47,"column":4},"end":{"line":47,"column":18}},"5":{"start":{"line":71,"column":4},"end":{"line":71,"column":23}},"6":{"start":{"line":78,"column":4},"end":{"line":78,"column":29}},"7":{"start":{"line":90,"column":4},"end":{"line":90,"column":32}},"8":{"start":{"line":91,"column":4},"end":{"line":91,"column":31}},"9":{"start":{"line":92,"column":4},"end":{"line":92,"column":15}},"10":{"start":{"line":99,"column":4},"end":{"line":99,"column":38}},"11":{"start":{"line":113,"column":4},"end":{"line":113,"column":32}},"12":{"start":{"line":114,"column":4},"end":{"line":114,"column":35}},"13":{"start":{"line":115,"column":4},"end":{"line":115,"column":15}},"14":{"start":{"line":139,"column":4},"end":{"line":139,"column":34}},"15":{"start":{"line":140,"column":4},"end":{"line":140,"column":41}},"16":{"start":{"line":141,"column":4},"end":{"line":141,"column":30}},"17":{"start":{"line":142,"column":4},"end":{"line":142,"column":15}},"18":{"start":{"line":158,"column":4},"end":{"line":158,"column":32}},"19":{"start":{"line":159,"column":4},"end":{"line":159,"column":69}},"20":{"start":{"line":160,"column":4},"end":{"line":160,"column":15}},"21":{"start":{"line":178,"column":4},"end":{"line":178,"column":32}},"22":{"start":{"line":179,"column":4},"end":{"line":179,"column":58}},"23":{"start":{"line":180,"column":4},"end":{"line":180,"column":88}},"24":{"start":{"line":185,"column":4},"end":{"line":185,"column":15}},"25":{"start":{"line":207,"column":4},"end":{"line":207,"column":71}},"26":{"start":{"line":208,"column":4},"end":{"line":208,"column":67}},"27":{"start":{"line":210,"column":4},"end":{"line":210,"column":41}},"28":{"start":{"line":212,"column":4},"end":{"line":212,"column":41}},"29":{"start":{"line":213,"column":4},"end":{"line":213,"column":75}},"30":{"start":{"line":214,"column":4},"end":{"line":214,"column":48}},"31":{"start":{"line":215,"column":4},"end":{"line":215,"column":48}},"32":{"start":{"line":219,"column":4},"end":{"line":219,"column":26}},"33":{"start":{"line":220,"column":4},"end":{"line":220,"column":34}},"34":{"start":{"line":224,"column":4},"end":{"line":224,"column":40}},"35":{"start":{"line":237,"column":4},"end":{"line":237,"column":68}},"36":{"start":{"line":239,"column":4},"end":{"line":239,"column":52}},"37":{"start":{"line":241,"column":4},"end":{"line":241,"column":25}},"38":{"start":{"line":242,"column":4},"end":{"line":242,"column":31}},"39":{"start":{"line":245,"column":4},"end":{"line":245,"column":51}},"40":{"start":{"line":251,"column":4},"end":{"line":251,"column":28}},"41":{"start":{"line":266,"column":4},"end":{"line":266,"column":70}},"42":{"start":{"line":268,"column":4},"end":{"line":268,"column":52}},"43":{"start":{"line":270,"column":4},"end":{"line":270,"column":47}},"44":{"start":{"line":271,"column":4},"end":{"line":271,"column":74}},"45":{"start":{"line":275,"column":4},"end":{"line":275,"column":25}},"46":{"start":{"line":279,"column":4},"end":{"line":279,"column":51}},"47":{"start":{"line":300,"column":4},"end":{"line":300,"column":71}},"48":{"start":{"line":301,"column":4},"end":{"line":301,"column":71}},"49":{"start":{"line":303,"column":4},"end":{"line":303,"column":39}},"50":{"start":{"line":320,"column":4},"end":{"line":320,"column":56}},"51":{"start":{"line":321,"column":4},"end":{"line":321,"column":9564}},"52":{"start":{"line":322,"column":6},"end":{"line":322,"column":73}}},"branchMap":{"1":{"line":180,"type":"if","locations":[{"start":{"line":180,"column":4},"end":{"line":180,"column":4}},{"start":{"line":180,"column":4},"end":{"line":180,"column":4}}]},"2":{"line":207,"type":"if","locations":[{"start":{"line":207,"column":4},"end":{"line":207,"column":4}},{"start":{"line":207,"column":4},"end":{"line":207,"column":4}}]},"3":{"line":208,"type":"if","locations":[{"start":{"line":208,"column":4},"end":{"line":208,"column":4}},{"start":{"line":208,"column":4},"end":{"line":208,"column":4}}]},"4":{"line":213,"type":"if","locations":[{"start":{"line":213,"column":4},"end":{"line":213,"column":4}},{"start":{"line":213,"column":4},"end":{"line":213,"column":4}}]},"5":{"line":237,"type":"if","locations":[{"start":{"line":237,"column":4},"end":{"line":237,"column":4}},{"start":{"line":237,"column":4},"end":{"line":237,"column":4}}]},"6":{"line":266,"type":"if","locations":[{"start":{"line":266,"column":4},"end":{"line":266,"column":4}},{"start":{"line":266,"column":4},"end":{"line":266,"column":4}}]},"7":{"line":271,"type":"if","locations":[{"start":{"line":271,"column":4},"end":{"line":271,"column":4}},{"start":{"line":271,"column":4},"end":{"line":271,"column":4}}]},"8":{"line":300,"type":"if","locations":[{"start":{"line":300,"column":4},"end":{"line":300,"column":4}},{"start":{"line":300,"column":4},"end":{"line":300,"column":4}}]},"9":{"line":301,"type":"if","locations":[{"start":{"line":301,"column":4},"end":{"line":301,"column":4}},{"start":{"line":301,"column":4},"end":{"line":301,"column":4}}]},"10":{"line":321,"type":"if","locations":[{"start":{"line":321,"column":4},"end":{"line":321,"column":4}},{"start":{"line":321,"column":4},"end":{"line":321,"column":4}}]},"11":{"line":322,"type":"if","locations":[{"start":{"line":322,"column":6},"end":{"line":322,"column":6}},{"start":{"line":322,"column":6},"end":{"line":322,"column":6}}]}}},"contracts/test/Token.sol":{"l":{"10":582,"11":582,"15":0,"19":85},"path":"/Users/hughlaw/Documents/GitHub/NFT_OTC_Core/contracts/test/Token.sol","s":{"1":582,"2":582,"3":0,"4":85},"b":{},"f":{"1":582,"2":0,"3":85},"fnMap":{"1":{"name":"constructor","line":9,"loc":{"start":{"line":9,"column":2},"end":{"line":12,"column":2}}},"2":{"name":"mintToOwner","line":14,"loc":{"start":{"line":14,"column":2},"end":{"line":16,"column":2}}},"3":{"name":"decimals","line":18,"loc":{"start":{"line":18,"column":2},"end":{"line":20,"column":2}}}},"statementMap":{"1":{"start":{"line":10,"column":4},"end":{"line":10,"column":28}},"2":{"start":{"line":11,"column":4},"end":{"line":11,"column":35}},"3":{"start":{"line":15,"column":4},"end":{"line":15,"column":28}},"4":{"start":{"line":19,"column":4},"end":{"line":19,"column":20}}},"branchMap":{}}}